TN:
SF:gendiff/__init__.py
DA:1,1,FH9grHpV7cmQHDdGsQf2rA
LF:1
LH:1
end_of_record
TN:
SF:gendiff/generate.py
DA:1,1,OaTlemF3bXMi5MP7Db8vkQ
DA:4,1,/sV7fFA78zgFEQfOKClhzg
DA:5,1,bOQ4S0YN3fHbIAYdUAzL+g
DA:6,1,OTtZjc6yRFgNXRXeDAE0Tg
DA:7,1,7T5RQV/X1ulciLh6ys4gcA
DA:8,1,NYfTsScjJ/6gSiEWI0X2XA
DA:9,1,qYaCHTQzmp0LWURFTTgOIw
DA:10,1,Gf3vNqmmxkf6zdHY1AmUew
DA:11,1,FkwV4PicUG7sbzWhN0rizQ
DA:12,1,xfBP7xXGhymGO4IfzmKm5Q
DA:13,1,xmcyEU9CHTE40i/KRJU7iQ
DA:14,1,oUuIr8nqRxVu65xfSfK6CA
DA:15,1,cMint9nZ+OQqu5C8f6zlGg
DA:16,1,Gf3vNqmmxkf6zdHY1AmUew
DA:17,1,xfBP7xXGhymGO4IfzmKm5Q
DA:18,1,INxUY3nib2sETBKUhcrC8A
DA:19,1,BJBlZsSWstphiTlZImt1kA
DA:22,1,jq8ZVfjm4d1ANWvIxNRucg
DA:23,1,Temq7mYx+ZImOVTtGRoW4A
DA:24,1,SsrswTFOtJIzhJvgVoshfg
DA:25,1,CNeT3sd3/M+fsxbyAxSRfQ
DA:26,1,LaudaW7elBF7HZPka1t+bA
DA:28,1,UoTQ3TS8jjlMpJOLVVauIQ
DA:29,1,m1bMXn1KDderVfIXEWLtkA
DA:30,1,BJBlZsSWstphiTlZImt1kA
LF:25
LH:25
end_of_record
TN:
SF:gendiff/tests/__init__.py
DA:0,1,1B2M2Y8AsgTpgAmY7PhCfg
LF:0
LH:0
end_of_record
TN:
SF:gendiff/tests/test_gendiff.py
DA:1,1,FH9grHpV7cmQHDdGsQf2rA
DA:2,1,6EqVyswJtxIE+9LVqyxOlA
DA:5,1,027BEW8wXDJJIPMwq6jjxQ
DA:6,1,590i/YcWviOZd4/odiU3kw
DA:7,1,H9HHsZtWR0519SrNkPIDVw
DA:14,1,LnHo5JtUSdSw5v+oHtriTw
DA:15,1,1KL+IxpYbOCRfN9VVJ8m8g
LF:7
LH:7
end_of_record
